C51 COMPILER V9.60.7.0   SARE_GAMA_PA                                                      06/15/2023 17:18:15 PAGE 1   


C51 COMPILER V9.60.7.0, COMPILATION OF MODULE SARE_GAMA_PA
OBJECT MODULE PLACED IN .\Objects\Sare_Gama_Pa.obj
COMPILER INVOKED BY: C:\Keil_v5\C51\BIN\C51.EXE Sare_Gama_Pa.c OPTIMIZE(8,SPEED) BROWSE DEBUG OBJECTEXTEND PRINT(.\Listi
                    -ngs\Sare_Gama_Pa.lst) TABS(2) OBJECT(.\Objects\Sare_Gama_Pa.obj)

line level    source

   1          #include <at89c5131.h>
   2          #include "lcd.h"
   3          sbit pin=P0^7;
   4          char k;
   5          void wait_500ms1(void);
   6          void wait_500ms2(void);
   7          void wait_500ms3(void);
   8          void wait_750ms1(void);
   9          void wait_750ms2(void);
  10          void wait_1000ms1(void);
  11          void wait_1000ms2(void);
  12          void wait_1000ms3(void);
  13          
  14          void main()
  15          {
  16   1        pin=0;
  17   1        while(1)
  18   1        {
  19   2          wait_500ms1();
  20   2          //msdelay(1000);
  21   2          wait_500ms2();
  22   2          //msdelay(1000);
  23   2          wait_500ms3();
  24   2          //msdelay(1000);
  25   2          wait_750ms1();
  26   2          //msdelay(1000);
  27   2          wait_750ms2();
  28   2          //msdelay(1000);
  29   2          wait_1000ms1();
  30   2          ///msdelay(1000);
  31   2          wait_1000ms2();
  32   2          //msdelay(1000);
  33   2          wait_1000ms3();
  34   2          msdelay(1000);
  35   2        
  36   2      }
  37   1        
  38   1      }
  39          void wait_500ms1(void)
  40          {
  41   1      for(k=1;k<=16;k++)  //generating 500ms delay
  42   1        {
  43   2          TMOD =0X11;
  44   2          TH1=0X00;
  45   2          TL1=0X00;
  46   2          TR1=1;
  47   2        while(TF1!=1)
  48   2        {
  49   3          TH0=0XF0;
  50   3          TL0=0X60;
  51   3          TR0=1;
  52   3          while(TF0!=1)
  53   3          {
  54   4          }
C51 COMPILER V9.60.7.0   SARE_GAMA_PA                                                      06/15/2023 17:18:15 PAGE 2   

  55   3          pin=~pin;
  56   3          TF0=0;
  57   3        }
  58   2        TF1=0;
  59   2        }
  60   1      }
  61          void wait_500ms2(void)
  62          {
  63   1      for(k=1;k<=16;k++)  //generating 500ms delay
  64   1        {
  65   2          TMOD =0X11;
  66   2          TH1=0X00;
  67   2          TL1=0X00;
  68   2          TR1=1;
  69   2        while(TF1!=1)
  70   2        {
  71   3          TH0=0XF1;
  72   3          TL0=0X8C;
  73   3          TR0=1;
  74   3          while(TF0!=1)
  75   3          {
  76   4          }
  77   3          pin=~pin;
  78   3          TF0=0;
  79   3        }
  80   2        TF1=0;
  81   2        }
  82   1      }
  83          void wait_500ms3(void)
  84          {
  85   1      for(k=1;k<=16;k++)  //generating 500ms delay
  86   1        {
  87   2          TMOD =0X11;
  88   2          TH1=0X00;
  89   2          TL1=0X00;
  90   2          TR1=1;
  91   2        while(TF1!=1)
  92   2        {
  93   3          TH0=0XF3;
  94   3          TL0=0X1C;
  95   3          TR0=1;
  96   3          while(TF0!=1)
  97   3          {
  98   4          }
  99   3          pin=~pin;
 100   3          TF0=0;
 101   3        }
 102   2        TF1=0;
 103   2        }
 104   1      }
 105          void wait_750ms1(void)
 106          {
 107   1          TMOD =0X11;
 108   1          for(k=1;k<=24;k++)  //generating 750ms delay
 109   1        {
 110   2          TH1=0X00;
 111   2          TL1=0X00;
 112   2          TR1=1;
 113   2        while(TF1!=1)
 114   2        {
 115   3          TH0=0XF3;
 116   3          TL0=0XE4;
C51 COMPILER V9.60.7.0   SARE_GAMA_PA                                                      06/15/2023 17:18:15 PAGE 3   

 117   3          TR0=1;
 118   3          while(TF0!=1)
 119   3          {
 120   4          }
 121   3          pin=~pin;
 122   3          TF0=0;
 123   3        }
 124   2        TF1=0;
 125   2        }
 126   1      }
 127          void wait_750ms2(void)
 128          {
 129   1          TMOD =0X11;
 130   1          for(k=1;k<=24;k++)  //generating 750ms delay
 131   1        {
 132   2          TH1=0X00;
 133   2          TL1=0X00;
 134   2          TR1=1;
 135   2        while(TF1!=1)
 136   2        {
 137   3          TH0=0XF5;
 138   3          TL0=0X44;
 139   3          TR0=1;
 140   3          while(TF0!=1)
 141   3          {
 142   4          }
 143   3          pin=~pin;
 144   3          TF0=0;
 145   3        }
 146   2        TF1=0;
 147   2        }
 148   1      }
 149          void wait_1000ms1(void)
 150          {
 151   1          TMOD =0X11;
 152   1          for(k=1;k<=31;k++)  //generating 1000ms delay
 153   1        {
 154   2          TH1=0X00;
 155   2          TL1=0X00;
 156   2          TR1=1;
 157   2          while(TF1!=1)
 158   2         {
 159   3          TH0=0XF6;
 160   3          TL0=0X3C;
 161   3          TR0=1;
 162   3          while(TF0!=1)
 163   3          {
 164   4          }
 165   3          pin=~pin;
 166   3          TF0=0;
 167   3         }
 168   2        TF1=0;
 169   2        }
 170   1      }
 171          void wait_1000ms2(void)
 172          {
 173   1          TMOD =0X11;
 174   1          for(k=1;k<=31;k++)  //generating 1000ms delay
 175   1        {
 176   2          TH1=0X00;
 177   2          TL1=0X00;
 178   2          TR1=1;
C51 COMPILER V9.60.7.0   SARE_GAMA_PA                                                      06/15/2023 17:18:15 PAGE 4   

 179   2          while(TF1!=1)
 180   2         {
 181   3          TH0=0XF7;
 182   3          TL0=0X68;
 183   3          TR0=1;
 184   3          while(TF0!=1)
 185   3          {
 186   4          }
 187   3          pin=~pin;
 188   3          TF0=0;
 189   3         }
 190   2        TF1=0;
 191   2        }
 192   1      }
 193          void wait_1000ms3(void)
 194          {
 195   1          TMOD =0X11;
 196   1          for(k=1;k<=31;k++)  //generating 1000ms delay
 197   1        {
 198   2          TH1=0X00;
 199   2          TL1=0X00;
 200   2          TR1=1;
 201   2          while(TF1!=1)
 202   2         {
 203   3          TH0=0XF8;
 204   3          TL0=0X30;
 205   3          TR0=1;
 206   3          while(TF0!=1)
 207   3          {
 208   4          }
 209   3          pin=~pin;
 210   3          TF0=0;
 211   3         }
 212   2        TF1=0;
 213   2        }
 214   1      }
 215          


MODULE INFORMATION:   STATIC OVERLAYABLE
   CODE SIZE        =    543    ----
   CONSTANT SIZE    =   ----    ----
   XDATA SIZE       =   ----    ----
   PDATA SIZE       =   ----    ----
   DATA SIZE        =      1       3
   IDATA SIZE       =   ----    ----
   BIT SIZE         =   ----    ----
END OF MODULE INFORMATION.


C51 COMPILATION COMPLETE.  0 WARNING(S),  0 ERROR(S)
