C51 COMPILER V9.60.7.0   CHECK                                                             06/16/2023 16:25:49 PAGE 1   


C51 COMPILER V9.60.7.0, COMPILATION OF MODULE CHECK
OBJECT MODULE PLACED IN .\Objects\check.obj
COMPILER INVOKED BY: C:\Keil_v5\C51\BIN\C51.EXE check.c OPTIMIZE(8,SPEED) BROWSE DEBUG OBJECTEXTEND PRINT(.\Listings\che
                    -ck.lst) TABS(2) OBJECT(.\Objects\check.obj)

line level    source

   1          #include <at89c5131.h>
   2          #include "lcd.h"
   3          sbit pin=P1^0;
   4          char i,k;
   5          long unsigned int time=0;
   6          long unsigned int min1=0;
   7          long unsigned int min2=0;
   8          long unsigned int second=0;
   9          long unsigned int second1=0;
  10          long unsigned int second2=0;
  11          unsigned char values[]={'0','1','2','3','4','5','6','7','8','9'};
  12          void inctimer(void)
  13          {
  14   1        if(time==31)
  15   1        {
  16   2          time=0;
  17   2          second++;
  18   2          }
  19   1          else
  20   1          {
  21   2          }
  22   1      }
  23            
  24          void timer0(void) interrupt 1
  25          {
  26   1        time++;
  27   1        inctimer();
  28   1      }
  29          void Delay_1s(void)
  30          {
  31   1       for(k=1;k<=31;k++)
  32   1        {
  33   2          EA=1;
  34   2          ET0=1;
  35   2          TMOD =0X01;
  36   2          TH0=0X00;
  37   2          TL0=0X00;
  38   2          TR0=1;
  39   2          while(TF0!=1)
  40   2          {
  41   3          }
  42   2        }
  43   1      }
  44          void main()
  45          {
  46   1        lcd_init();
  47   1        while(1)
  48   1        {
  49   2          while(pin!=0)
  50   2          {
  51   3             Delay_1s();
  52   3            if(second==60)
  53   3            {
  54   4              second=0;
C51 COMPILER V9.60.7.0   CHECK                                                             06/16/2023 16:25:49 PAGE 2   

  55   4              min2++;
  56   4              if(min2==10)
  57   4               {
  58   5                 min2=0;
  59   5                 min1++;
  60   5               }
  61   4            }
  62   3          second1=second%10;
  63   3          second2=second/10;
  64   3          lcd_cmd(0x01);
  65   3          lcd_write_char(values[min1]);
  66   3          lcd_write_char(values[min2]);
  67   3          lcd_write_char(':');
  68   3          lcd_write_char(values[second2]);
  69   3          lcd_write_char(values[second1]);
  70   3        
  71   3      
  72   3          }
  73   2        }
  74   1      
  75   1      }


MODULE INFORMATION:   STATIC OVERLAYABLE
   CODE SIZE        =    539    ----
   CONSTANT SIZE    =   ----    ----
   XDATA SIZE       =   ----    ----
   PDATA SIZE       =   ----    ----
   DATA SIZE        =     36       3
   IDATA SIZE       =   ----    ----
   BIT SIZE         =   ----    ----
END OF MODULE INFORMATION.


C51 COMPILATION COMPLETE.  0 WARNING(S),  0 ERROR(S)
