C51 COMPILER V9.60.7.0   PASS_CRT_OR_INCRT                                                 06/13/2023 11:02:45 PAGE 1   


C51 COMPILER V9.60.7.0, COMPILATION OF MODULE PASS_CRT_OR_INCRT
OBJECT MODULE PLACED IN .\Objects\Pass_crt_or_incrt.obj
COMPILER INVOKED BY: C:\Keil_v5\C51\BIN\C51.EXE Pass_crt_or_incrt.c OPTIMIZE(8,SPEED) BROWSE DEBUG OBJECTEXTEND PRINT(.\
                    -Listings\Pass_crt_or_incrt.lst) TABS(2) OBJECT(.\Objects\Pass_crt_or_incrt.obj)

line level    source

   1          #include <at89c5131.h>
   2          #include "lcd.h"
   3          char readKey(void);
   4          #define KEYPAD P3
   5          const char array[]={0X76,0X7A,0X7C,0XB6,0XBA,0XBC,0XD6,0XDA,0XDC,0XE6,0XEA,0XEC};
   6          const char key[]="123456789*0#";
   7          char ch;
   8          void main()
   9          {
  10   1        lcd_init();
  11   1       while(1)
  12   1       {
  13   2        lcd_write_char(key[readKey()]);
  14   2        KEYPAD = 0XF0;
  15   2        ch = (KEYPAD&0XF0)|0X0F;
  16   2        ch = ~ch;
  17   2        while(ch!=0)
  18   2        {
  19   3         ch = (KEYPAD&0XF0)|0X0F;
  20   3         ch = ~ch;
  21   3        }
  22   2       }
  23   1      }
  24          char readKey()
  25          {
  26   1       char row,col,position,i,val1,val;
  27   1        KEYPAD = 0XF0;
  28   1        while((KEYPAD & 0XF0)==0xF0)
  29   1        {
  30   2        }
  31   1        row = KEYPAD & 0XF0;
  32   1        KEYPAD = 0X0F;
  33   1        col=KEYPAD & 0X0E;
  34   1        position = row|col;
  35   1        for(i=0;i<11;i++)
  36   1        {
  37   2         if(position ==array[i])
  38   2         {
  39   3           val=i;
  40   3         }
  41   2         else
  42   2         {
  43   3         }
  44   2         msdelay(20);
  45   2         KEYPAD = 0XF0;
  46   2        row = KEYPAD & 0XF0;
  47   2        KEYPAD = 0X0F;
  48   2        col=KEYPAD & 0X0E;
  49   2        position = row|col;
  50   2        for(i=0;i<11;i++)
  51   2        {
  52   3         if(position ==array[i])
  53   3         {
  54   4           val1=i;
C51 COMPILER V9.60.7.0   PASS_CRT_OR_INCRT                                                 06/13/2023 11:02:45 PAGE 2   

  55   4         }
  56   3         else
  57   3         {
  58   4         }
  59   3        }
  60   2        if(val1==val)
  61   2        {
  62   3        return i;
  63   3        }
  64   2        else
  65   2        {
  66   3          return ' '; 
  67   3        }
  68   2      }
  69   1        }
*** WARNING C294 IN LINE 68 OF Pass_crt_or_incrt.c: unreachable code
*** WARNING C291 IN LINE 69 OF Pass_crt_or_incrt.c: not every exit path returns a value


MODULE INFORMATION:   STATIC OVERLAYABLE
   CODE SIZE        =    304    ----
   CONSTANT SIZE    =   ----    ----
   XDATA SIZE       =   ----    ----
   PDATA SIZE       =   ----    ----
   DATA SIZE        =     26       4
   IDATA SIZE       =   ----    ----
   BIT SIZE         =   ----    ----
END OF MODULE INFORMATION.


C51 COMPILATION COMPLETE.  2 WARNING(S),  0 ERROR(S)
