C51 COMPILER V9.60.7.0   SQUARE_WAVE_USING_INTERUPPT                                       06/15/2023 12:34:47 PAGE 1   


C51 COMPILER V9.60.7.0, COMPILATION OF MODULE SQUARE_WAVE_USING_INTERUPPT
OBJECT MODULE PLACED IN .\Objects\Square_Wave_Using_Interuppt.obj
COMPILER INVOKED BY: C:\Keil_v5\C51\BIN\C51.EXE Square_Wave_Using_Interuppt.c OPTIMIZE(8,SPEED) BROWSE DEBUG OBJECTEXTEN
                    -D PRINT(.\Listings\Square_Wave_Using_Interuppt.lst) TABS(2) OBJECT(.\Objects\Square_Wave_Using_Interuppt.obj)

line level    source

   1          #include <at89c5131.h>
   2          
   3          sbit pin1 = P1^6;
   4          sbit pin2 = P1^7;
   5          void timer0(void) interrupt 1
   6            
   7          {
   8   1        if(pin1==0)
   9   1        {
  10   2         pin1=1;
  11   2        }
  12   1      else
  13   1      {
  14   2        pin1=0;
  15   2      } 
  16   1       //TF0=0;
  17   1        TH0 = 0XF8;
  18   1        TL0 = 0x30;
  19   1        TR0=1;  
  20   1      }
  21          
  22          void timer1(void) interrupt 3 
  23          {
  24   1          if(pin2==0)
  25   1        {
  26   2         pin2=1;
  27   2        }
  28   1       else
  29   1       {
  30   2        pin2=0;
  31   2       }  
  32   1        
  33   1        //TF1=0;
  34   1        TH1=0XF4;
  35   1        TL1=0X48; 
  36   1        TR1 = 1;   
  37   1      }
  38          void  main()
  39          {
  40   1        TMOD = 0x11; 
  41   1        ET0 = 1; 
  42   1        EA = 1;  
  43   1        ET1=1;
  44   1        TH0 = 0XF8;
  45   1        TL0 = 0x30;
  46   1        TH1=0XF4;
  47   1        TL1=0X48;
  48   1        pin1=0;
  49   1        pin2=0;
  50   1        TR0 = 1; 
  51   1        TR1=1;
  52   1        while(1)
  53   1        {
  54   2        }
C51 COMPILER V9.60.7.0   SQUARE_WAVE_USING_INTERUPPT                                       06/15/2023 12:34:47 PAGE 2   

  55   1      }


MODULE INFORMATION:   STATIC OVERLAYABLE
   CODE SIZE        =     67    ----
   CONSTANT SIZE    =   ----    ----
   XDATA SIZE       =   ----    ----
   PDATA SIZE       =   ----    ----
   DATA SIZE        =   ----    ----
   IDATA SIZE       =   ----    ----
   BIT SIZE         =   ----    ----
END OF MODULE INFORMATION.


C51 COMPILATION COMPLETE.  0 WARNING(S),  0 ERROR(S)
