C51 COMPILER V9.60.7.0   LCD_PROGRAM                                                       06/09/2023 16:57:45 PAGE 1   


C51 COMPILER V9.60.7.0, COMPILATION OF MODULE LCD_PROGRAM
OBJECT MODULE PLACED IN .\Objects\LCD_Program.obj
COMPILER INVOKED BY: C:\Keil_v5\C51\BIN\C51.EXE LCD_Program.c OPTIMIZE(8,SPEED) BROWSE DEBUG OBJECTEXTEND PRINT(.\Listin
                    -gs\LCD_Program.lst) TABS(2) OBJECT(.\Objects\LCD_Program.obj)

line level    source

   1          #include <at89c5131.h>
   2          #include "lcd.h"
   3          
   4          code unsigned char display_msg1[]="   NPTEL-2023   ";           //Display msg on 1st line of lcd
   5          code unsigned char display_msg2[]="      ARUN      ";           //Display msg on 1st line of lcd
   6          
   7          void main()
   8          {
   9   1        lcd_init();
  10   1        lcd_cmd(0x80);                          //Move cursor to first line
  11   1        msdelay(4);
  12   1        lcd_write_string(display_msg1);
  13   1        lcd_cmd(0xC0);                          //Move cursor to 2nd line of LCD
  14   1        msdelay(4);
  15   1        lcd_write_string(display_msg2);
  16   1        while(1);
  17   1          
  18   1      }


MODULE INFORMATION:   STATIC OVERLAYABLE
   CODE SIZE        =    202    ----
   CONSTANT SIZE    =     34    ----
   XDATA SIZE       =   ----    ----
   PDATA SIZE       =   ----    ----
   DATA SIZE        =   ----       3
   IDATA SIZE       =   ----    ----
   BIT SIZE         =   ----    ----
END OF MODULE INFORMATION.


C51 COMPILATION COMPLETE.  0 WARNING(S),  0 ERROR(S)
