A51 MACRO ASSEMBLER  PS2_DELAY_CJNE                                                       06/06/2023 15:08:09 PAGE     1


MACRO ASSEMBLER A51 V8.2.7.0
OBJECT MODULE PLACED IN .\Objects\PS2_DELAY_CJNE.obj
ASSEMBLER INVOKED BY: C:\Keil_v5\C51\BIN\A51.EXE PS2_DELAY_CJNE.a51 SET(SMALL) DEBUG PRINT(.\Listings\PS2_DELAY_CJNE.lst
                      ) OBJECT(.\Objects\PS2_DELAY_CJNE.obj) EP

LOC  OBJ            LINE     SOURCE

0000                   1     ORG 00H
0000 802E              2     SJMP MAIN
0030                   3     ORG 030H
0030                   4     MAIN:
0030 1134              5         CALL GO
0032 80FE              6     HERE:SJMP HERE
0034                   7     GO:
0034 759025            8        MOV P1,#25H
0037 113D              9     CALL DELAY
0039 7590AF           10       MOV P1,#0AFH
003C 22               11       RET
003D                  12     DELAY:
                      13     
003D E571             14             MOV A,71H
003F FB               15                     MOV R3,A
0040 7001             16                     JNZ DELAY_250
0042 22               17             RET
0043                  18                     DELAY_250:
0043 7900             19                     L2: MOV R1,#00H
0045 09               20                     L1:INC R1
0046 B9AAFC           21                     CJNE R1,#0AAH,L1
0049 DBF8             22                     DJNZ R3,L2
004B 22               23             RET
                      24             END
A51 MACRO ASSEMBLER  PS2_DELAY_CJNE                                                       06/06/2023 15:08:09 PAGE     2

SYMBOL TABLE LISTING
------ ----- -------


N A M E             T Y P E  V A L U E   ATTRIBUTES

DELAY. . . . . . .  C ADDR   003DH   A   
DELAY_250. . . . .  C ADDR   0043H   A   
GO . . . . . . . .  C ADDR   0034H   A   
HERE . . . . . . .  C ADDR   0032H   A   
L1 . . . . . . . .  C ADDR   0045H   A   
L2 . . . . . . . .  C ADDR   0043H   A   
MAIN . . . . . . .  C ADDR   0030H   A   
P1 . . . . . . . .  D ADDR   0090H   A   


REGISTER BANK(S) USED: 0 


ASSEMBLY COMPLETE.  0 WARNING(S), 0 ERROR(S)
